mode: set
strings/search.go:48.53,58.31 3 1
strings/search.go:64.2,64.28 1 1
strings/search.go:71.2,72.29 2 1
strings/search.go:80.2,80.28 1 1
strings/search.go:88.2,88.10 1 1
strings/search.go:58.31,60.3 1 1
strings/search.go:64.28,66.3 1 1
strings/search.go:72.29,73.40 1 1
strings/search.go:77.3,77.46 1 1
strings/search.go:73.40,75.4 1 1
strings/search.go:80.28,82.54 2 1
strings/search.go:82.54,85.4 1 1
strings/search.go:91.47,92.38 1 1
strings/search.go:97.2,97.8 1 1
strings/search.go:92.38,93.37 1 1
strings/search.go:93.37,94.9 1 1
strings/search.go:102.46,104.20 2 1
strings/search.go:116.2,116.11 1 1
strings/search.go:104.20,107.41 2 1
strings/search.go:111.3,111.12 1 1
strings/search.go:114.3,114.56 1 1
strings/search.go:107.41,110.4 2 1
strings/search.go:111.12,113.4 1 1
strings/search.go:119.24,120.11 1 1
strings/search.go:123.2,123.10 1 1
strings/search.go:120.11,122.3 1 1
strings/strings.go:18.40,20.20 2 1
strings/strings.go:23.2,24.27 2 1
strings/strings.go:32.2,32.11 1 1
strings/strings.go:35.2,35.10 1 1
strings/strings.go:20.20,22.3 1 1
strings/strings.go:24.27,28.27 4 1
strings/strings.go:28.27,30.4 1 1
strings/strings.go:32.11,34.3 1 1
strings/strings.go:43.43,45.32 2 1
strings/strings.go:48.2,49.36 2 1
strings/strings.go:55.2,55.18 1 1
strings/strings.go:45.32,47.3 1 1
strings/strings.go:49.36,50.15 1 1
strings/strings.go:53.3,53.11 1 1
strings/strings.go:50.15,52.4 1 1
strings/strings.go:60.46,62.37 2 1
strings/strings.go:65.2,66.36 2 1
strings/strings.go:72.2,72.18 1 1
strings/strings.go:62.37,64.3 1 1
strings/strings.go:66.36,67.15 1 1
strings/strings.go:70.3,70.11 1 1
strings/strings.go:67.15,69.4 1 1
strings/strings.go:76.41,78.22 1 1
strings/strings.go:81.2,82.6 2 1
strings/strings.go:78.22,80.3 1 1
strings/strings.go:82.6,84.14 2 1
strings/strings.go:87.3,88.24 2 1
strings/strings.go:84.14,86.4 1 1
strings/strings.go:93.38,95.2 1 1
strings/strings.go:98.40,100.2 1 1
strings/strings.go:103.42,105.2 1 1
strings/strings.go:108.38,110.9 2 1
strings/strings.go:124.2,127.38 4 1
strings/strings.go:130.2,130.39 1 1
strings/strings.go:133.2,133.33 1 1
strings/strings.go:141.2,141.11 1 1
strings/strings.go:111.14,112.16 1 1
strings/strings.go:113.14,114.37 1 1
strings/strings.go:115.19,116.18 1 1
strings/strings.go:119.3,119.12 1 0
strings/strings.go:120.18,121.12 1 1
strings/strings.go:116.18,118.4 1 1
strings/strings.go:127.38,129.3 1 1
strings/strings.go:130.39,132.3 1 1
strings/strings.go:133.33,137.40 4 1
strings/strings.go:137.40,139.4 1 1
strings/strings.go:148.38,149.9 1 1
strings/strings.go:150.35,151.31 1 1
strings/strings.go:152.27,153.23 1 1
strings/strings.go:158.3,158.12 1 1
strings/strings.go:159.26,160.12 1 1
strings/strings.go:161.10,162.29 1 1
strings/strings.go:153.23,154.27 1 1
strings/strings.go:154.27,156.5 1 1
strings/strings.go:168.36,169.17 1 1
strings/strings.go:173.2,173.16 1 1
strings/strings.go:183.2,183.22 1 1
strings/strings.go:190.2,190.11 1 1
strings/strings.go:169.17,172.3 1 1
strings/strings.go:173.16,174.50 1 1
strings/strings.go:174.50,175.32 1 1
strings/strings.go:180.4,180.13 1 1
strings/strings.go:175.32,176.26 1 1
strings/strings.go:176.26,178.6 1 1
strings/strings.go:183.22,184.27 1 1
strings/strings.go:184.27,185.14 1 1
strings/strings.go:185.14,187.5 1 1
strings/strings.go:196.40,197.17 1 1
strings/strings.go:201.2,201.16 1 1
strings/strings.go:211.2,211.26 1 1
strings/strings.go:220.2,220.11 1 1
strings/strings.go:197.17,200.3 1 1
strings/strings.go:201.16,202.50 1 1
strings/strings.go:202.50,203.37 1 1
strings/strings.go:208.4,208.13 1 1
strings/strings.go:203.37,204.26 1 1
strings/strings.go:204.26,206.6 1 1
strings/strings.go:211.26,214.27 3 1
strings/strings.go:214.27,215.14 1 1
strings/strings.go:215.14,217.5 1 1
strings/strings.go:224.42,225.35 1 1
strings/strings.go:230.2,230.11 1 1
strings/strings.go:225.35,226.16 1 1
strings/strings.go:226.16,228.4 1 1
strings/strings.go:235.55,236.12 1 1
strings/strings.go:239.2,239.15 1 1
strings/strings.go:242.2,242.11 1 1
strings/strings.go:246.2,249.12 4 1
strings/strings.go:258.2,259.16 2 1
strings/strings.go:236.12,238.3 1 1
strings/strings.go:239.15,241.3 1 1
strings/strings.go:242.11,244.3 1 1
strings/strings.go:249.12,251.12 2 1
strings/strings.go:254.3,256.6 3 1
strings/strings.go:251.12,252.9 1 1
strings/strings.go:272.44,272.77 1 1
strings/strings.go:284.49,286.2 1 1
strings/strings.go:298.36,298.70 1 1
strings/strings.go:310.41,312.2 1 1
strings/strings.go:319.32,326.30 4 1
strings/strings.go:334.2,334.29 1 1
strings/strings.go:365.2,365.39 1 1
strings/strings.go:326.30,332.3 5 1
strings/strings.go:334.29,340.43 5 1
strings/strings.go:343.3,344.18 2 1
strings/strings.go:358.3,358.26 1 1
strings/strings.go:361.3,361.11 1 1
strings/strings.go:340.43,342.4 1 1
strings/strings.go:344.18,345.29 1 1
strings/strings.go:349.4,353.44 4 1
strings/strings.go:356.4,356.18 1 1
strings/strings.go:345.29,347.13 2 1
strings/strings.go:353.44,355.5 1 1
strings/strings.go:358.26,360.4 1 1
strings/strings.go:373.55,385.25 5 1
strings/strings.go:400.2,400.14 1 1
strings/strings.go:405.2,406.29 2 1
strings/strings.go:410.2,410.10 1 1
strings/strings.go:385.25,386.14 1 1
strings/strings.go:386.14,387.16 1 1
strings/strings.go:387.16,390.5 2 1
strings/strings.go:391.9,392.17 1 1
strings/strings.go:392.17,395.5 2 1
strings/strings.go:400.14,402.3 1 1
strings/strings.go:406.29,408.3 1 1
strings/strings.go:415.42,416.16 1 1
strings/strings.go:430.2,431.30 2 1
strings/strings.go:435.2,437.26 3 1
strings/strings.go:441.2,441.18 1 1
strings/strings.go:417.9,418.12 1 1
strings/strings.go:419.9,420.14 1 1
strings/strings.go:421.9,424.27 1 1
strings/strings.go:425.9,428.40 1 1
strings/strings.go:431.30,433.3 1 1
strings/strings.go:437.26,440.3 2 1
strings/strings.go:445.39,447.2 1 1
strings/strings.go:450.39,452.2 1 1
strings/strings.go:457.52,468.22 3 1
strings/strings.go:499.2,499.14 1 1
strings/strings.go:503.2,503.22 1 1
strings/strings.go:525.2,525.27 1 1
strings/strings.go:468.22,470.13 2 1
strings/strings.go:474.3,476.13 3 1
strings/strings.go:485.3,485.26 1 1
strings/strings.go:495.3,496.8 2 1
strings/strings.go:470.13,471.12 1 1
strings/strings.go:476.13,477.26 1 1
strings/strings.go:477.26,480.5 2 1
strings/strings.go:480.10,482.5 1 1
strings/strings.go:485.26,491.4 2 1
strings/strings.go:491.9,493.4 1 1
strings/strings.go:499.14,501.3 1 1
strings/strings.go:503.22,507.56 2 1
strings/strings.go:514.3,514.13 1 1
strings/strings.go:507.56,510.12 3 1
strings/strings.go:514.13,515.36 1 1
strings/strings.go:521.4,521.44 1 1
strings/strings.go:515.36,520.5 3 1
strings/strings.go:532.41,537.15 1 1
strings/strings.go:543.2,545.18 3 1
strings/strings.go:549.2,549.18 1 1
strings/strings.go:537.15,538.42 1 1
strings/strings.go:539.8,539.54 1 1
strings/strings.go:539.54,540.49 1 1
strings/strings.go:545.18,548.3 2 1
strings/strings.go:553.31,555.30 2 1
strings/strings.go:564.2,564.13 1 1
strings/strings.go:578.2,578.32 1 1
strings/strings.go:555.30,557.25 2 1
strings/strings.go:561.3,561.48 1 1
strings/strings.go:557.25,559.9 2 1
strings/strings.go:564.13,565.16 1 1
strings/strings.go:568.3,569.31 2 1
strings/strings.go:576.3,576.19 1 1
strings/strings.go:565.16,567.4 1 1
strings/strings.go:569.31,571.28 2 1
strings/strings.go:574.4,574.12 1 1
strings/strings.go:571.28,573.5 1 1
strings/strings.go:582.31,584.30 2 1
strings/strings.go:593.2,593.13 1 1
strings/strings.go:607.2,607.32 1 1
strings/strings.go:584.30,586.25 2 1
strings/strings.go:590.3,590.48 1 1
strings/strings.go:586.25,588.9 2 1
strings/strings.go:593.13,594.16 1 1
strings/strings.go:597.3,598.31 2 1
strings/strings.go:605.3,605.19 1 1
strings/strings.go:594.16,596.4 1 1
strings/strings.go:598.31,600.28 2 1
strings/strings.go:603.4,603.12 1 1
strings/strings.go:600.28,602.5 1 1
strings/strings.go:611.31,611.65 1 1
strings/strings.go:615.61,616.31 1 1
strings/strings.go:616.31,616.54 1 1
strings/strings.go:621.61,622.31 1 1
strings/strings.go:622.31,622.54 1 1
strings/strings.go:627.61,628.31 1 1
strings/strings.go:628.31,628.54 1 1
strings/strings.go:633.31,635.15 1 1
strings/strings.go:649.2,649.47 1 1
strings/strings.go:653.2,653.27 1 1
strings/strings.go:635.15,636.10 1 1
strings/strings.go:646.3,646.14 1 1
strings/strings.go:637.29,638.16 1 1
strings/strings.go:639.29,640.16 1 1
strings/strings.go:641.29,642.16 1 1
strings/strings.go:643.17,644.16 1 1
strings/strings.go:649.47,651.3 1 1
strings/strings.go:660.29,666.21 2 1
strings/strings.go:666.21,667.25 1 1
strings/strings.go:671.4,672.12 2 1
strings/strings.go:667.25,670.5 2 1
strings/strings.go:679.55,681.13 2 1
strings/strings.go:684.2,684.14 1 1
strings/strings.go:681.13,683.3 1 1
strings/strings.go:689.56,691.37 2 1
strings/strings.go:697.2,697.15 1 1
strings/strings.go:691.37,694.3 2 1
strings/strings.go:694.8,696.3 1 1
strings/strings.go:702.51,704.2 1 1
strings/strings.go:708.49,710.2 1 1
strings/strings.go:714.53,716.2 1 1
strings/strings.go:721.61,722.22 1 1
strings/strings.go:727.2,727.11 1 1
strings/strings.go:722.22,723.20 1 1
strings/strings.go:723.20,725.4 1 1
strings/strings.go:733.65,734.26 1 1
strings/strings.go:741.2,741.11 1 1
strings/strings.go:734.26,737.20 3 1
strings/strings.go:737.20,739.4 1 1
strings/strings.go:754.56,755.34 1 1
strings/strings.go:762.2,762.17 1 1
strings/strings.go:755.34,757.25 2 1
strings/strings.go:760.3,760.30 1 1
strings/strings.go:757.25,759.4 1 1
strings/strings.go:766.43,768.2 1 1
strings/strings.go:770.52,771.51 1 1
strings/strings.go:776.2,776.50 1 1
strings/strings.go:781.2,781.27 1 1
strings/strings.go:771.51,772.28 1 1
strings/strings.go:772.28,774.4 1 1
strings/strings.go:776.50,777.28 1 1
strings/strings.go:777.28,779.4 1 1
strings/strings.go:781.27,781.63 1 1
strings/strings.go:786.43,787.29 1 1
strings/strings.go:790.2,790.44 1 1
strings/strings.go:787.29,789.3 1 1
strings/strings.go:795.47,796.29 1 1
strings/strings.go:799.2,799.48 1 1
strings/strings.go:796.29,798.3 1 1
strings/strings.go:804.48,805.29 1 1
strings/strings.go:808.2,808.49 1 1
strings/strings.go:805.29,807.3 1 1
strings/strings.go:813.33,815.2 1 1
strings/strings.go:819.42,820.26 1 1
strings/strings.go:823.2,823.10 1 1
strings/strings.go:820.26,822.3 1 1
strings/strings.go:828.42,829.26 1 1
strings/strings.go:832.2,832.10 1 1
strings/strings.go:829.26,831.3 1 1
strings/strings.go:841.48,842.26 1 1
strings/strings.go:847.2,847.32 1 1
strings/strings.go:854.2,857.25 4 1
strings/strings.go:871.2,872.23 2 1
strings/strings.go:842.26,844.3 1 1
strings/strings.go:847.32,849.3 1 1
strings/strings.go:849.8,849.27 1 1
strings/strings.go:849.27,851.3 1 1
strings/strings.go:857.25,859.20 2 1
strings/strings.go:867.3,869.23 3 1
strings/strings.go:859.20,860.13 1 1
strings/strings.go:860.13,863.5 2 1
strings/strings.go:864.9,866.4 1 1
strings/strings.go:877.34,878.25 1 1
strings/strings.go:927.2,927.15 1 1
strings/strings.go:878.25,881.27 2 1
strings/strings.go:887.3,887.27 1 1
strings/strings.go:897.3,897.15 1 1
strings/strings.go:902.3,902.14 1 1
strings/strings.go:906.3,906.51 1 1
strings/strings.go:916.3,917.25 2 1
strings/strings.go:920.3,920.14 1 1
strings/strings.go:923.3,923.15 1 1
strings/strings.go:881.27,883.4 1 1
strings/strings.go:883.9,886.4 2 1
strings/strings.go:887.27,889.4 1 1
strings/strings.go:889.9,892.4 2 1
strings/strings.go:897.15,898.12 1 1
strings/strings.go:902.14,904.4 1 1
strings/strings.go:906.51,908.24 1 1
strings/strings.go:911.4,911.16 1 1
strings/strings.go:908.24,909.13 1 1
strings/strings.go:917.25,919.4 1 1
strings/strings.go:920.14,921.12 1 1
strings/strings.go:930.43,935.25 4 1
strings/strings.go:938.2,938.36 1 1
strings/strings.go:941.2,941.26 1 1
strings/strings.go:950.2,950.11 1 1
strings/strings.go:935.25,937.3 1 1
strings/strings.go:938.36,940.3 1 1
strings/strings.go:941.26,946.40 5 1
strings/strings.go:946.40,948.4 1 1
strings/strings_amd64.go:18.13,19.21 1 1
strings/strings_amd64.go:19.21,21.3 1 1
strings/strings_amd64.go:21.8,23.3 1 0
strings/strings_amd64.go:27.34,29.9 2 1
strings/strings_amd64.go:78.2,78.34 1 1
strings/strings_amd64.go:30.14,31.11 1 1
strings/strings_amd64.go:32.14,33.33 1 1
strings/strings_amd64.go:34.19,35.18 1 1
strings/strings_amd64.go:38.3,38.12 1 1
strings/strings_amd64.go:39.18,40.12 1 1
strings/strings_amd64.go:41.27,43.19 1 1
strings/strings_amd64.go:46.3,50.18 5 1
strings/strings_amd64.go:76.3,76.12 1 1
strings/strings_amd64.go:35.18,37.4 1 1
strings/strings_amd64.go:43.19,45.4 1 1
strings/strings_amd64.go:50.18,51.17 1 1
strings/strings_amd64.go:60.4,60.26 1 1
strings/strings_amd64.go:63.4,68.24 3 1
strings/strings_amd64.go:51.17,55.14 2 1
strings/strings_amd64.go:58.5,58.11 1 1
strings/strings_amd64.go:55.14,57.6 1 1
strings/strings_amd64.go:60.26,62.5 1 1
strings/strings_amd64.go:68.24,70.15 2 1
strings/strings_amd64.go:73.5,73.14 1 1
strings/strings_amd64.go:70.15,72.6 1 1
strings/strings_amd64.go:83.34,84.43 1 1
strings/strings_amd64.go:87.2,87.32 1 1
strings/strings_amd64.go:84.43,86.3 1 1
strings/builder.go:27.48,30.2 2 1
strings/builder.go:32.31,33.19 1 1
strings/builder.go:33.19,40.3 1 1
strings/builder.go:40.8,40.24 1 1
strings/builder.go:40.24,41.68 1 1
strings/builder.go:46.35,48.2 1 1
strings/builder.go:51.29,51.50 1 1
strings/builder.go:54.27,57.2 2 1
strings/builder.go:61.31,65.2 3 1
strings/builder.go:70.31,72.11 2 1
strings/builder.go:75.2,75.31 1 1
strings/builder.go:72.11,73.48 1 0
strings/builder.go:75.31,77.3 1 1
strings/builder.go:82.48,86.2 3 1
strings/builder.go:90.43,94.2 3 1
strings/builder.go:98.50,100.23 2 1
strings/builder.go:104.2,105.32 2 1
strings/builder.go:108.2,110.15 3 1
strings/builder.go:100.23,103.3 2 1
strings/builder.go:105.32,107.3 1 1
strings/builder.go:115.54,119.2 3 1
strings/compare.go:13.31,21.12 1 1
strings/compare.go:24.2,24.11 1 1
strings/compare.go:27.2,27.11 1 1
strings/compare.go:21.12,23.3 1 1
strings/compare.go:24.11,26.3 1 1
strings/reader.go:24.28,25.28 1 1
strings/reader.go:28.2,28.35 1 1
strings/reader.go:25.28,27.3 1 1
strings/reader.go:35.31,35.57 1 1
strings/reader.go:37.52,38.28 1 1
strings/reader.go:41.2,44.8 4 1
strings/reader.go:38.28,40.3 1 1
strings/reader.go:47.65,49.13 1 1
strings/reader.go:52.2,52.28 1 1
strings/reader.go:55.2,56.16 2 1
strings/reader.go:59.2,59.8 1 1
strings/reader.go:49.13,51.3 1 1
strings/reader.go:52.28,54.3 1 1
strings/reader.go:56.16,58.3 1 1
strings/reader.go:62.43,64.28 2 1
strings/reader.go:67.2,69.15 3 1
strings/reader.go:64.28,66.3 1 1
strings/reader.go:72.37,74.14 2 1
strings/reader.go:77.2,78.12 2 1
strings/reader.go:74.14,76.3 1 1
strings/reader.go:81.60,82.28 1 1
strings/reader.go:86.2,87.38 2 1
strings/reader.go:91.2,93.8 3 1
strings/reader.go:82.28,85.3 2 1
strings/reader.go:87.38,90.3 2 1
strings/reader.go:96.37,97.20 1 1
strings/reader.go:100.2,102.12 3 1
strings/reader.go:97.20,99.3 1 1
strings/reader.go:106.64,109.16 3 1
strings/reader.go:119.2,119.13 1 1
strings/reader.go:122.2,123.17 2 1
strings/reader.go:110.20,111.15 1 1
strings/reader.go:112.22,113.21 1 1
strings/reader.go:114.18,115.33 1 1
strings/reader.go:116.10,117.62 1 0
strings/reader.go:119.13,121.3 1 1
strings/reader.go:127.60,129.28 2 1
strings/reader.go:132.2,134.16 3 1
strings/reader.go:137.2,139.31 3 1
strings/reader.go:142.2,142.8 1 1
strings/reader.go:129.28,131.3 1 1
strings/reader.go:134.16,135.61 1 0
strings/reader.go:139.31,141.3 1 0
strings/reader.go:146.34,146.59 1 1
strings/reader.go:150.34,150.62 1 1
strings/replace.go:23.46,24.24 1 1
strings/replace.go:28.2,28.44 1 1
strings/replace.go:32.2,33.38 2 1
strings/replace.go:42.2,42.17 1 1
strings/replace.go:57.2,60.43 2 1
strings/replace.go:65.2,65.25 1 1
strings/replace.go:24.24,25.51 1 0
strings/replace.go:28.44,30.3 1 1
strings/replace.go:33.38,34.26 1 1
strings/replace.go:37.3,37.28 1 1
strings/replace.go:34.26,36.4 1 1
strings/replace.go:37.28,39.4 1 1
strings/replace.go:42.17,44.20 2 1
strings/replace.go:49.3,49.44 1 1
strings/replace.go:54.3,54.26 1 1
strings/replace.go:44.20,46.4 1 1
strings/replace.go:49.44,53.4 3 1
strings/replace.go:60.43,64.3 3 1
strings/replace.go:69.45,71.2 1 1
strings/replace.go:74.74,76.2 1 1
strings/replace.go:130.75,131.15 1 1
strings/replace.go:139.2,139.20 1 1
strings/replace.go:131.15,132.22 1 1
strings/replace.go:136.3,136.9 1 1
strings/replace.go:132.22,135.4 2 1
strings/replace.go:139.20,142.48 2 1
strings/replace.go:147.3,147.25 1 1
strings/replace.go:142.48,143.29 1 1
strings/replace.go:143.29,144.10 1 1
strings/replace.go:147.25,149.4 1 1
strings/replace.go:149.9,149.20 1 1
strings/replace.go:149.20,154.26 2 1
strings/replace.go:162.4,168.42 7 1
strings/replace.go:154.26,156.5 1 1
strings/replace.go:156.10,161.5 1 1
strings/replace.go:169.9,178.4 4 1
strings/replace.go:179.8,179.27 1 1
strings/replace.go:179.27,182.24 2 1
strings/replace.go:185.3,185.44 1 1
strings/replace.go:182.24,184.4 1 1
strings/replace.go:186.8,190.3 3 1
strings/replace.go:193.98,199.18 4 1
strings/replace.go:226.2,226.8 1 1
strings/replace.go:199.18,200.71 1 1
strings/replace.go:207.3,207.14 1 1
strings/replace.go:210.3,210.24 1 1
strings/replace.go:200.71,205.4 4 1
strings/replace.go:207.14,208.9 1 1
strings/replace.go:210.24,212.33 2 1
strings/replace.go:215.4,217.7 3 1
strings/replace.go:212.33,213.10 1 1
strings/replace.go:218.9,218.60 1 1
strings/replace.go:218.60,222.4 3 1
strings/replace.go:222.9,223.9 1 1
strings/replace.go:240.60,243.38 2 1
strings/replace.go:250.2,250.30 1 1
strings/replace.go:254.2,255.30 2 1
strings/replace.go:264.2,266.38 2 1
strings/replace.go:269.2,269.10 1 1
strings/replace.go:243.38,245.33 2 1
strings/replace.go:245.33,247.4 1 1
strings/replace.go:250.30,252.3 1 1
strings/replace.go:255.30,256.13 1 1
strings/replace.go:256.13,258.4 1 1
strings/replace.go:258.9,261.4 2 1
strings/replace.go:266.38,268.3 1 1
strings/replace.go:275.58,278.2 2 0
strings/replace.go:281.64,284.2 2 1
strings/replace.go:294.58,296.2 1 1
strings/replace.go:298.53,300.9 2 1
strings/replace.go:303.2,303.11 1 1
strings/replace.go:300.9,302.3 1 1
strings/replace.go:306.52,310.2 3 1
strings/replace.go:312.81,316.27 4 1
strings/replace.go:346.2,346.20 1 1
strings/replace.go:350.2,350.8 1 1
strings/replace.go:316.27,318.42 1 1
strings/replace.go:327.3,329.12 3 1
strings/replace.go:344.3,344.6 1 1
strings/replace.go:318.42,320.58 2 1
strings/replace.go:320.58,322.13 2 1
strings/replace.go:329.12,332.18 3 1
strings/replace.go:335.4,337.18 3 1
strings/replace.go:340.4,342.12 3 1
strings/replace.go:332.18,334.5 1 1
strings/replace.go:337.18,339.5 1 0
strings/replace.go:346.20,349.3 2 1
strings/replace.go:361.83,363.2 1 1
strings/replace.go:365.57,368.6 3 1
strings/replace.go:378.2,378.14 1 1
strings/replace.go:381.2,382.20 2 1
strings/replace.go:368.6,370.18 2 1
strings/replace.go:373.3,376.37 4 1
strings/replace.go:370.18,371.9 1 1
strings/replace.go:378.14,380.3 1 1
strings/replace.go:385.86,388.6 3 1
strings/replace.go:405.2,407.8 3 1
strings/replace.go:388.6,390.18 2 1
strings/replace.go:393.3,395.17 3 1
strings/replace.go:398.3,400.17 3 1
strings/replace.go:403.3,403.37 1 1
strings/replace.go:390.18,391.9 1 1
strings/replace.go:395.17,397.4 1 0
strings/replace.go:400.17,402.4 1 0
strings/replace.go:415.49,417.30 2 1
strings/replace.go:426.2,426.16 1 1
strings/replace.go:429.2,429.20 1 1
strings/replace.go:417.30,419.16 2 1
strings/replace.go:419.16,420.18 1 1
strings/replace.go:423.4,423.17 1 1
strings/replace.go:420.18,422.5 1 1
strings/replace.go:426.16,428.3 1 1
strings/replace.go:432.78,435.22 2 1
strings/replace.go:438.2,440.17 2 1
strings/replace.go:452.2,452.15 1 1
strings/replace.go:435.22,437.3 1 1
strings/replace.go:440.17,443.33 3 1
strings/replace.go:446.3,448.17 3 1
strings/replace.go:443.33,445.4 1 1
strings/replace.go:448.17,450.4 1 1
strings/replace.go:461.55,464.30 3 1
strings/replace.go:472.2,472.17 1 1
strings/replace.go:475.2,477.30 3 1
strings/replace.go:487.2,487.20 1 1
strings/replace.go:464.30,466.18 2 1
strings/replace.go:466.18,470.4 2 1
strings/replace.go:472.17,474.3 1 1
strings/replace.go:477.30,479.18 2 1
strings/replace.go:479.18,482.4 2 1
strings/replace.go:482.9,485.4 2 1
strings/replace.go:490.84,493.30 3 1
strings/replace.go:512.2,512.20 1 1
strings/replace.go:517.2,517.8 1 1
strings/replace.go:493.30,495.18 2 1
strings/replace.go:498.3,498.16 1 1
strings/replace.go:505.3,508.17 4 1
strings/replace.go:495.18,496.12 1 1
strings/replace.go:498.16,501.18 3 1
strings/replace.go:501.18,503.5 1 0
strings/replace.go:508.17,510.4 1 0
strings/replace.go:512.20,516.3 3 1
